  HelloWindow.cpp
C:\Users\tcs11\Documents\Thomas Learns OpenGL\Thomas Learns OpenGL\Getting Started\Components\Mesh.h(90,1): warning C4267: 'argument': conversion from 'size_t' to 'GLsizei', possible loss of data
C:\Users\tcs11\Documents\Thomas Learns OpenGL\Thomas Learns OpenGL\Getting Started\Components\Animation.h(33,45): warning C4244: 'return': conversion from 'int' to 'float', possible loss of data
C:\Users\tcs11\Documents\Thomas Learns OpenGL\Thomas Learns OpenGL\Getting Started\HelloWindow.cpp(162,28): warning C4244: 'initializing': conversion from 'double' to 'float', possible loss of data
C:\Users\tcs11\Documents\Thomas Learns OpenGL\Thomas Learns OpenGL\Getting Started\HelloWindow.cpp(271,17): warning C4244: '=': conversion from 'double' to 'float', possible loss of data
C:\Users\tcs11\Documents\Thomas Learns OpenGL\Thomas Learns OpenGL\Getting Started\HelloWindow.cpp(272,17): warning C4244: '=': conversion from 'double' to 'float', possible loss of data
C:\Users\tcs11\Documents\Thomas Learns OpenGL\Thomas Learns OpenGL\Getting Started\HelloWindow.cpp(276,19): warning C4244: 'initializing': conversion from 'double' to 'float', possible loss of data
C:\Users\tcs11\Documents\Thomas Learns OpenGL\Thomas Learns OpenGL\Getting Started\HelloWindow.cpp(277,19): warning C4244: 'initializing': conversion from 'double' to 'float', possible loss of data
C:\Users\tcs11\Documents\Thomas Learns OpenGL\Thomas Learns OpenGL\Getting Started\HelloWindow.cpp(279,13): warning C4244: '=': conversion from 'double' to 'float', possible loss of data
C:\Users\tcs11\Documents\Thomas Learns OpenGL\Thomas Learns OpenGL\Getting Started\HelloWindow.cpp(280,13): warning C4244: '=': conversion from 'double' to 'float', possible loss of data
C:\Users\tcs11\Documents\Thomas Learns OpenGL\Thomas Learns OpenGL\Getting Started\HelloWindow.cpp(288,31): warning C4244: 'argument': conversion from 'double' to 'float', possible loss of data
C:\Users\tcs11\Documents\Thomas Learns OpenGL\Thomas Learns OpenGL\Getting Started\HelloWindow.cpp(335,31): warning C4244: 'argument': conversion from 'float' to '_Ty', possible loss of data
          with
          [
              _Ty=unsigned int
          ]
C:\Users\tcs11\Documents\Thomas Learns OpenGL\Thomas Learns OpenGL\Getting Started\HelloWindow.cpp(336,35): warning C4244: 'argument': conversion from 'float' to '_Ty', possible loss of data
          with
          [
              _Ty=unsigned int
          ]
C:\Users\tcs11\Documents\Thomas Learns OpenGL\Thomas Learns OpenGL\Getting Started\HelloWindow.cpp(351,35): warning C4244: 'argument': conversion from 'float' to '_Ty', possible loss of data
          with
          [
              _Ty=unsigned int
          ]
C:\Users\tcs11\Documents\Thomas Learns OpenGL\Thomas Learns OpenGL\Getting Started\HelloWindow.cpp(352,39): warning C4244: 'argument': conversion from 'float' to '_Ty', possible loss of data
          with
          [
              _Ty=unsigned int
          ]
C:\Users\tcs11\Documents\Thomas Learns OpenGL\Thomas Learns OpenGL\Getting Started\HelloWindow.cpp(376,48): warning C4267: 'argument': conversion from 'size_t' to 'GLsizei', possible loss of data
  Thomas Learns OpenGL.vcxproj -> C:\Users\tcs11\Documents\Thomas Learns OpenGL\Thomas Learns OpenGL\x64\Debug\Thomas Learns OpenGL.exe
